  ConsoleDebug.cpp
C:\UserFile\VS Project\University\WindowProgramming\Project_Iaido\lib\eigen\Eigen\src\Core\arch\Default\Half.h(1,1): warning C4819: 현재 코드 페이지(949)에서 표시할 수 없는 문자가 파일에 들어 있습니다. 데이터가 손실되지 않게 하려면 해당 파일을 유니코드 형식으로 저장하십시오.
C:\UserFile\VS Project\University\WindowProgramming\Project_Iaido\lib\eigen\Eigen\src\Core\arch\Default\BFloat16.h(1,1): warning C4819: 현재 코드 페이지(949)에서 표시할 수 없는 문자가 파일에 들어 있습니다. 데이터가 손실되지 않게 하려면 해당 파일을 유니코드 형식으로 저장하십시오.
C:\UserFile\VS Project\University\WindowProgramming\Project_Iaido\lib\eigen\Eigen\src\Core\arch\Default\GenericPacketMathFunctions.h(676,1): warning C4819: 현재 코드 페이지(949)에서 표시할 수 없는 문자가 파일에 들어 있습니다. 데이터가 손실되지 않게 하려면 해당 파일을 유니코드 형식으로 저장하십시오.
C:\UserFile\VS Project\University\WindowProgramming\Project_Iaido\lib\eigen\Eigen\src\Core\products\GeneralBlockPanelKernel.h(2063,1): warning C4819: 현재 코드 페이지(949)에서 표시할 수 없는 문자가 파일에 들어 있습니다. 데이터가 손실되지 않게 하려면 해당 파일을 유니코드 형식으로 저장하십시오.
C:\UserFile\VS Project\University\WindowProgramming\Project_Iaido\ConsoleDebug.h(143,2): warning C5053: C++17 및 이전 버전에서 'explicit(<expr>)'에 대한 지원은 공급업체 확장입니다.
C:\UserFile\VS Project\University\WindowProgramming\Project_Iaido\ConsoleDebug.h(50,18): warning C4477: 'sprintf_s' : 서식 문자열 '%ld'에 'long' 형식의 인수가 필요하지만 variadic 인수 1의 형식이 '__int64'입니다.
C:\UserFile\VS Project\University\WindowProgramming\Project_Iaido\ConsoleDebug.h(50,18): message : 서식 문자열에서 '%lld'을(를) 사용하는 것이 좋습니다.
C:\UserFile\VS Project\University\WindowProgramming\Project_Iaido\ConsoleDebug.h(50,18): message : 서식 문자열에서 '%Id'을(를) 사용하는 것이 좋습니다.
C:\UserFile\VS Project\University\WindowProgramming\Project_Iaido\ConsoleDebug.h(50,18): message : 서식 문자열에서 '%I64d'을(를) 사용하는 것이 좋습니다.
C:\UserFile\VS Project\University\WindowProgramming\Project_Iaido\ConsoleDebug.h(51,62): warning C4267: '인수': 'size_t'에서 'DWORD'(으)로 변환하면서 데이터가 손실될 수 있습니다.
C:\UserFile\VS Project\University\WindowProgramming\Project_Iaido\ConsoleDebug.h(60,62): warning C4267: '인수': 'size_t'에서 'DWORD'(으)로 변환하면서 데이터가 손실될 수 있습니다.
C:\UserFile\VS Project\University\WindowProgramming\Project_Iaido\ConsoleDebug.h(69,62): warning C4267: '인수': 'size_t'에서 'DWORD'(으)로 변환하면서 데이터가 손실될 수 있습니다.
C:\UserFile\VS Project\University\WindowProgramming\Project_Iaido\ConsoleDebug.h(78,62): warning C4267: '인수': 'size_t'에서 'DWORD'(으)로 변환하면서 데이터가 손실될 수 있습니다.
C:\UserFile\VS Project\University\WindowProgramming\Project_Iaido\ConsoleDebug.h(92,62): warning C4267: '인수': 'size_t'에서 'DWORD'(으)로 변환하면서 데이터가 손실될 수 있습니다.
C:\UserFile\VS Project\University\WindowProgramming\Project_Iaido\ConsoleDebug.h(99,36): warning C4267: '초기화 중': 'size_t'에서 'int'(으)로 변환하면서 데이터가 손실될 수 있습니다.
C:\UserFile\VS Project\University\WindowProgramming\Project_Iaido\ConsoleDebug.h(99,17): warning C4267: '초기화 중': 'size_t'에서 'const int'(으)로 변환하면서 데이터가 손실될 수 있습니다.
C:\UserFile\VS Project\University\WindowProgramming\Project_Iaido\ConsoleDebug.h(104,62): warning C4267: '인수': 'size_t'에서 'DWORD'(으)로 변환하면서 데이터가 손실될 수 있습니다.
C:\UserFile\VS Project\University\WindowProgramming\Project_Iaido\ConsoleDebug.h(113,67): warning C4267: '인수': 'size_t'에서 'DWORD'(으)로 변환하면서 데이터가 손실될 수 있습니다.
C:\UserFile\VS Project\University\WindowProgramming\Project_Iaido\ConsoleDebug.h(119,67): warning C4267: '인수': 'size_t'에서 'DWORD'(으)로 변환하면서 데이터가 손실될 수 있습니다.
C:\UserFile\VS Project\University\WindowProgramming\Project_Iaido\ConsoleDebug.h(134,64): warning C4267: '인수': 'size_t'에서 'DWORD'(으)로 변환하면서 데이터가 손실될 수 있습니다.
C:\Program Files\Microsoft Visual Studio\2022\Community\VC\Tools\MSVC\14.36.32532\include\xstring(2765,53): warning C4244: '인수': 'const wchar_t'에서 'const _Elem'(으)로 변환하면서 데이터가 손실될 수 있습니다.
          with
          [
              _Elem=char
          ]
C:\Program Files\Microsoft Visual Studio\2022\Community\VC\Tools\MSVC\14.36.32532\include\xstring(2621,17): message : 컴파일되는 함수 템플릿 인스턴스화 'void std::basic_string<char,std::char_traits<char>,std::allocator<char>>::_Construct_from_iter<const wchar_t*,const wchar_t*,_Size_type>(_Iter,const _Sent,_Size)'에 대한 참조를 확인하세요.
          with
          [
              _Size_type=unsigned __int64,
              _Iter=const wchar_t *,
              _Sent=const wchar_t *,
              _Size=unsigned __int64
          ]
C:\UserFile\VS Project\University\WindowProgramming\Project_Iaido\ConsoleDebug.h(120,27): message : 컴파일되는 함수 템플릿 인스턴스화 'std::basic_string<char,std::char_traits<char>,std::allocator<char>>::basic_string<std::_String_const_iterator<std::_String_val<std::_Simple_types<_Elem>>>,0>(_Iter,_Iter,const _Alloc &)'에 대한 참조를 확인하세요.
          with
          [
              _Elem=wchar_t,
              _Iter=std::_String_const_iterator<std::_String_val<std::_Simple_types<wchar_t>>>,
              _Alloc=std::allocator<char>
          ]
C:\UserFile\VS Project\University\WindowProgramming\Project_Iaido\ConsoleDebug.h(120,13): message : 'operator <<'에서 'std::basic_string<char,std::char_traits<char>,std::allocator<char>>::basic_string'에 대한 첫 번째 참조를 확인하세요.
  GameLogic.cpp
C:\UserFile\VS Project\University\WindowProgramming\Project_Iaido\lib\eigen\Eigen\src\Core\arch\Default\Half.h(1,1): warning C4819: 현재 코드 페이지(949)에서 표시할 수 없는 문자가 파일에 들어 있습니다. 데이터가 손실되지 않게 하려면 해당 파일을 유니코드 형식으로 저장하십시오.
C:\UserFile\VS Project\University\WindowProgramming\Project_Iaido\lib\eigen\Eigen\src\Core\arch\Default\BFloat16.h(1,1): warning C4819: 현재 코드 페이지(949)에서 표시할 수 없는 문자가 파일에 들어 있습니다. 데이터가 손실되지 않게 하려면 해당 파일을 유니코드 형식으로 저장하십시오.
C:\UserFile\VS Project\University\WindowProgramming\Project_Iaido\lib\eigen\Eigen\src\Core\arch\Default\GenericPacketMathFunctions.h(676,1): warning C4819: 현재 코드 페이지(949)에서 표시할 수 없는 문자가 파일에 들어 있습니다. 데이터가 손실되지 않게 하려면 해당 파일을 유니코드 형식으로 저장하십시오.
C:\UserFile\VS Project\University\WindowProgramming\Project_Iaido\lib\eigen\Eigen\src\Core\products\GeneralBlockPanelKernel.h(2063,1): warning C4819: 현재 코드 페이지(949)에서 표시할 수 없는 문자가 파일에 들어 있습니다. 데이터가 손실되지 않게 하려면 해당 파일을 유니코드 형식으로 저장하십시오.
C:\UserFile\VS Project\University\WindowProgramming\Project_Iaido\ConsoleDebug.h(143,2): warning C5053: C++17 및 이전 버전에서 'explicit(<expr>)'에 대한 지원은 공급업체 확장입니다.
C:\UserFile\VS Project\University\WindowProgramming\Project_Iaido\ConsoleDebug.h(50,18): warning C4477: 'sprintf_s' : 서식 문자열 '%ld'에 'long' 형식의 인수가 필요하지만 variadic 인수 1의 형식이 '__int64'입니다.
C:\UserFile\VS Project\University\WindowProgramming\Project_Iaido\ConsoleDebug.h(50,18): message : 서식 문자열에서 '%lld'을(를) 사용하는 것이 좋습니다.
C:\UserFile\VS Project\University\WindowProgramming\Project_Iaido\ConsoleDebug.h(50,18): message : 서식 문자열에서 '%Id'을(를) 사용하는 것이 좋습니다.
C:\UserFile\VS Project\University\WindowProgramming\Project_Iaido\ConsoleDebug.h(50,18): message : 서식 문자열에서 '%I64d'을(를) 사용하는 것이 좋습니다.
C:\UserFile\VS Project\University\WindowProgramming\Project_Iaido\ConsoleDebug.h(51,62): warning C4267: '인수': 'size_t'에서 'DWORD'(으)로 변환하면서 데이터가 손실될 수 있습니다.
C:\UserFile\VS Project\University\WindowProgramming\Project_Iaido\ConsoleDebug.h(60,62): warning C4267: '인수': 'size_t'에서 'DWORD'(으)로 변환하면서 데이터가 손실될 수 있습니다.
C:\UserFile\VS Project\University\WindowProgramming\Project_Iaido\ConsoleDebug.h(69,62): warning C4267: '인수': 'size_t'에서 'DWORD'(으)로 변환하면서 데이터가 손실될 수 있습니다.
C:\UserFile\VS Project\University\WindowProgramming\Project_Iaido\ConsoleDebug.h(78,62): warning C4267: '인수': 'size_t'에서 'DWORD'(으)로 변환하면서 데이터가 손실될 수 있습니다.
C:\UserFile\VS Project\University\WindowProgramming\Project_Iaido\ConsoleDebug.h(92,62): warning C4267: '인수': 'size_t'에서 'DWORD'(으)로 변환하면서 데이터가 손실될 수 있습니다.
C:\UserFile\VS Project\University\WindowProgramming\Project_Iaido\ConsoleDebug.h(99,36): warning C4267: '초기화 중': 'size_t'에서 'int'(으)로 변환하면서 데이터가 손실될 수 있습니다.
C:\UserFile\VS Project\University\WindowProgramming\Project_Iaido\ConsoleDebug.h(99,17): warning C4267: '초기화 중': 'size_t'에서 'const int'(으)로 변환하면서 데이터가 손실될 수 있습니다.
C:\UserFile\VS Project\University\WindowProgramming\Project_Iaido\ConsoleDebug.h(104,62): warning C4267: '인수': 'size_t'에서 'DWORD'(으)로 변환하면서 데이터가 손실될 수 있습니다.
C:\UserFile\VS Project\University\WindowProgramming\Project_Iaido\ConsoleDebug.h(113,67): warning C4267: '인수': 'size_t'에서 'DWORD'(으)로 변환하면서 데이터가 손실될 수 있습니다.
C:\UserFile\VS Project\University\WindowProgramming\Project_Iaido\ConsoleDebug.h(119,67): warning C4267: '인수': 'size_t'에서 'DWORD'(으)로 변환하면서 데이터가 손실될 수 있습니다.
C:\UserFile\VS Project\University\WindowProgramming\Project_Iaido\ConsoleDebug.h(134,64): warning C4267: '인수': 'size_t'에서 'DWORD'(으)로 변환하면서 데이터가 손실될 수 있습니다.
C:\UserFile\VS Project\University\WindowProgramming\Project_Iaido\Project.h(277,20): warning C4244: '=': 'double'에서 'float'(으)로 변환하면서 데이터가 손실될 수 있습니다.
C:\UserFile\VS Project\University\WindowProgramming\Project_Iaido\Project.h(343,33): warning C4244: '=': 'double'에서 'float'(으)로 변환하면서 데이터가 손실될 수 있습니다.
C:\UserFile\VS Project\University\WindowProgramming\Project_Iaido\GameLogic.cpp(483,34): warning C4244: '=': 'float'에서 'int'(으)로 변환하면서 데이터가 손실될 수 있습니다.
C:\UserFile\VS Project\University\WindowProgramming\Project_Iaido\GameLogic.cpp(484,20): warning C4267: '=': 'size_t'에서 'int'(으)로 변환하면서 데이터가 손실될 수 있습니다.
C:\UserFile\VS Project\University\WindowProgramming\Project_Iaido\GameLogic.cpp(563,11): warning C4244: '초기화 중': 'double'에서 'float'(으)로 변환하면서 데이터가 손실될 수 있습니다.
C:\UserFile\VS Project\University\WindowProgramming\Project_Iaido\GameLogic.cpp(564,11): warning C4244: '초기화 중': 'double'에서 'float'(으)로 변환하면서 데이터가 손실될 수 있습니다.
C:\UserFile\VS Project\University\WindowProgramming\Project_Iaido\GameLogic.cpp(571,31): warning C4244: '=': 'double'에서 'float'(으)로 변환하면서 데이터가 손실될 수 있습니다.
C:\UserFile\VS Project\University\WindowProgramming\Project_Iaido\GameLogic.cpp(574,16): warning C4244: '초기화 중': 'int'에서 'float'(으)로 변환하면서 데이터가 손실될 수 있습니다.
C:\UserFile\VS Project\University\WindowProgramming\Project_Iaido\GameLogic.cpp(575,16): warning C4244: '초기화 중': 'int'에서 'float'(으)로 변환하면서 데이터가 손실될 수 있습니다.
C:\UserFile\VS Project\University\WindowProgramming\Project_Iaido\GameLogic.cpp(576,13): warning C4244: '초기화 중': 'double'에서 'int'(으)로 변환하면서 데이터가 손실될 수 있습니다.
C:\UserFile\VS Project\University\WindowProgramming\Project_Iaido\GameLogic.cpp(577,13): warning C4244: '초기화 중': 'double'에서 'int'(으)로 변환하면서 데이터가 손실될 수 있습니다.
C:\UserFile\VS Project\University\WindowProgramming\Project_Iaido\GameLogic.cpp(578,15): warning C4244: '초기화 중': 'double'에서 'float'(으)로 변환하면서 데이터가 손실될 수 있습니다.
C:\UserFile\VS Project\University\WindowProgramming\Project_Iaido\GameLogic.cpp(579,15): warning C4244: '초기화 중': 'double'에서 'float'(으)로 변환하면서 데이터가 손실될 수 있습니다.
C:\UserFile\VS Project\University\WindowProgramming\Project_Iaido\GameLogic.cpp(580,16): warning C4244: '초기화 중': 'double'에서 'float'(으)로 변환하면서 데이터가 손실될 수 있습니다.
C:\UserFile\VS Project\University\WindowProgramming\Project_Iaido\GameLogic.cpp(581,16): warning C4244: '초기화 중': 'double'에서 'float'(으)로 변환하면서 데이터가 손실될 수 있습니다.
C:\UserFile\VS Project\University\WindowProgramming\Project_Iaido\GameLogic.cpp(582,22): warning C4244: '초기화 중': 'double'에서 'float'(으)로 변환하면서 데이터가 손실될 수 있습니다.
C:\UserFile\VS Project\University\WindowProgramming\Project_Iaido\GameLogic.cpp(583,22): warning C4244: '초기화 중': 'double'에서 'float'(으)로 변환하면서 데이터가 손실될 수 있습니다.
C:\UserFile\VS Project\University\WindowProgramming\Project_Iaido\GameLogic.cpp(584,21): warning C4244: '초기화 중': 'double'에서 'float'(으)로 변환하면서 데이터가 손실될 수 있습니다.
C:\UserFile\VS Project\University\WindowProgramming\Project_Iaido\GameLogic.cpp(585,21): warning C4244: '초기화 중': 'double'에서 'float'(으)로 변환하면서 데이터가 손실될 수 있습니다.
C:\UserFile\VS Project\University\WindowProgramming\Project_Iaido\GameLogic.cpp(595,18): warning C4244: '초기화 중': 'double'에서 'float'(으)로 변환하면서 데이터가 손실될 수 있습니다.
C:\UserFile\VS Project\University\WindowProgramming\Project_Iaido\GameLogic.cpp(602,66): warning C4244: '인수': 'double'에서 'int'(으)로 변환하면서 데이터가 손실될 수 있습니다.
C:\UserFile\VS Project\University\WindowProgramming\Project_Iaido\GameLogic.cpp(602,53): warning C4244: '인수': 'double'에서 'int'(으)로 변환하면서 데이터가 손실될 수 있습니다.
C:\UserFile\VS Project\University\WindowProgramming\Project_Iaido\GameLogic.cpp(603,68): warning C4244: '인수': 'float'에서 'int'(으)로 변환하면서 데이터가 손실될 수 있습니다.
C:\UserFile\VS Project\University\WindowProgramming\Project_Iaido\GameLogic.cpp(603,54): warning C4244: '인수': 'float'에서 'int'(으)로 변환하면서 데이터가 손실될 수 있습니다.
C:\UserFile\VS Project\University\WindowProgramming\Project_Iaido\GameLogic.cpp(609,59): warning C4244: '인수': 'float'에서 'int'(으)로 변환하면서 데이터가 손실될 수 있습니다.
C:\UserFile\VS Project\University\WindowProgramming\Project_Iaido\GameLogic.cpp(609,26): warning C4244: '인수': 'float'에서 'int'(으)로 변환하면서 데이터가 손실될 수 있습니다.
C:\UserFile\VS Project\University\WindowProgramming\Project_Iaido\GameLogic.cpp(608,12): warning C4244: '인수': 'float'에서 'int'(으)로 변환하면서 데이터가 손실될 수 있습니다.
C:\UserFile\VS Project\University\WindowProgramming\Project_Iaido\GameLogic.cpp(607,12): warning C4244: '인수': 'float'에서 'int'(으)로 변환하면서 데이터가 손실될 수 있습니다.
C:\UserFile\VS Project\University\WindowProgramming\Project_Iaido\GameLogic.cpp(606,50): warning C4244: '인수': 'double'에서 'int'(으)로 변환하면서 데이터가 손실될 수 있습니다.
C:\UserFile\VS Project\University\WindowProgramming\Project_Iaido\GameLogic.cpp(606,37): warning C4244: '인수': 'double'에서 'int'(으)로 변환하면서 데이터가 손실될 수 있습니다.
C:\UserFile\VS Project\University\WindowProgramming\Project_Iaido\GameLogic.cpp(627,14): warning C4838: 'double'에서 'LONG'(으)로의 변환에는 축소 변환이 필요합니다.
C:\UserFile\VS Project\University\WindowProgramming\Project_Iaido\GameLogic.cpp(627,14): warning C4244: '초기화 중': 'double'에서 'LONG'(으)로 변환하면서 데이터가 손실될 수 있습니다.
C:\UserFile\VS Project\University\WindowProgramming\Project_Iaido\GameLogic.cpp(627,33): warning C4838: 'double'에서 'LONG'(으)로의 변환에는 축소 변환이 필요합니다.
C:\UserFile\VS Project\University\WindowProgramming\Project_Iaido\GameLogic.cpp(627,33): warning C4244: '초기화 중': 'double'에서 'LONG'(으)로 변환하면서 데이터가 손실될 수 있습니다.
C:\UserFile\VS Project\University\WindowProgramming\Project_Iaido\GameLogic.cpp(628,23): warning C4838: 'double'에서 'LONG'(으)로의 변환에는 축소 변환이 필요합니다.
C:\UserFile\VS Project\University\WindowProgramming\Project_Iaido\GameLogic.cpp(628,23): warning C4244: '초기화 중': 'double'에서 'LONG'(으)로 변환하면서 데이터가 손실될 수 있습니다.
C:\UserFile\VS Project\University\WindowProgramming\Project_Iaido\GameLogic.cpp(628,51): warning C4838: 'double'에서 'LONG'(으)로의 변환에는 축소 변환이 필요합니다.
C:\UserFile\VS Project\University\WindowProgramming\Project_Iaido\GameLogic.cpp(628,51): warning C4244: '초기화 중': 'double'에서 'LONG'(으)로 변환하면서 데이터가 손실될 수 있습니다.
C:\UserFile\VS Project\University\WindowProgramming\Project_Iaido\GameLogic.cpp(629,23): warning C4838: 'double'에서 'LONG'(으)로의 변환에는 축소 변환이 필요합니다.
C:\UserFile\VS Project\University\WindowProgramming\Project_Iaido\GameLogic.cpp(629,23): warning C4244: '초기화 중': 'double'에서 'LONG'(으)로 변환하면서 데이터가 손실될 수 있습니다.
C:\UserFile\VS Project\University\WindowProgramming\Project_Iaido\GameLogic.cpp(629,51): warning C4838: 'double'에서 'LONG'(으)로의 변환에는 축소 변환이 필요합니다.
C:\UserFile\VS Project\University\WindowProgramming\Project_Iaido\GameLogic.cpp(629,51): warning C4244: '초기화 중': 'double'에서 'LONG'(으)로 변환하면서 데이터가 손실될 수 있습니다.
C:\UserFile\VS Project\University\WindowProgramming\Project_Iaido\GameLogic.cpp(637,28): warning C4244: '인수': 'double'에서 'int'(으)로 변환하면서 데이터가 손실될 수 있습니다.
C:\UserFile\VS Project\University\WindowProgramming\Project_Iaido\GameLogic.cpp(637,15): warning C4244: '인수': 'double'에서 'int'(으)로 변환하면서 데이터가 손실될 수 있습니다.
C:\UserFile\VS Project\University\WindowProgramming\Project_Iaido\GameLogic.cpp(642,52): warning C4244: '인수': 'float'에서 'int'(으)로 변환하면서 데이터가 손실될 수 있습니다.
C:\UserFile\VS Project\University\WindowProgramming\Project_Iaido\GameLogic.cpp(642,42): warning C4244: '인수': 'float'에서 'int'(으)로 변환하면서 데이터가 손실될 수 있습니다.
C:\UserFile\VS Project\University\WindowProgramming\Project_Iaido\GameLogic.cpp(642,32): warning C4244: '인수': 'float'에서 'int'(으)로 변환하면서 데이터가 손실될 수 있습니다.
C:\UserFile\VS Project\University\WindowProgramming\Project_Iaido\GameLogic.cpp(642,22): warning C4244: '인수': 'float'에서 'int'(으)로 변환하면서 데이터가 손실될 수 있습니다.
C:\UserFile\VS Project\University\WindowProgramming\Project_Iaido\GameLogic.cpp(653,28): warning C4244: '인수': 'float'에서 'int'(으)로 변환하면서 데이터가 손실될 수 있습니다.
C:\UserFile\VS Project\University\WindowProgramming\Project_Iaido\GameLogic.cpp(653,14): warning C4244: '인수': 'float'에서 'int'(으)로 변환하면서 데이터가 손실될 수 있습니다.
C:\UserFile\VS Project\University\WindowProgramming\Project_Iaido\GameLogic.cpp(651,28): warning C4244: '인수': 'float'에서 'int'(으)로 변환하면서 데이터가 손실될 수 있습니다.
C:\UserFile\VS Project\University\WindowProgramming\Project_Iaido\GameLogic.cpp(651,14): warning C4244: '인수': 'float'에서 'int'(으)로 변환하면서 데이터가 손실될 수 있습니다.
C:\UserFile\VS Project\University\WindowProgramming\Project_Iaido\GameLogic.cpp(650,45): warning C4244: '인수': 'double'에서 'int'(으)로 변환하면서 데이터가 손실될 수 있습니다.
C:\UserFile\VS Project\University\WindowProgramming\Project_Iaido\GameLogic.cpp(650,19): warning C4244: '인수': 'double'에서 'int'(으)로 변환하면서 데이터가 손실될 수 있습니다.
C:\UserFile\VS Project\University\WindowProgramming\Project_Iaido\GameLogic.cpp(659,29): warning C4244: '+=': 'double'에서 'LONG'(으)로 변환하면서 데이터가 손실될 수 있습니다.
C:\UserFile\VS Project\University\WindowProgramming\Project_Iaido\GameLogic.cpp(660,29): warning C4244: '+=': 'double'에서 'LONG'(으)로 변환하면서 데이터가 손실될 수 있습니다.
C:\UserFile\VS Project\University\WindowProgramming\Project_Iaido\GameLogic.cpp(661,29): warning C4244: '+=': 'double'에서 'LONG'(으)로 변환하면서 데이터가 손실될 수 있습니다.
C:\UserFile\VS Project\University\WindowProgramming\Project_Iaido\GameLogic.cpp(662,29): warning C4244: '+=': 'double'에서 'LONG'(으)로 변환하면서 데이터가 손실될 수 있습니다.
C:\UserFile\VS Project\University\WindowProgramming\Project_Iaido\GameLogic.cpp(663,29): warning C4244: '+=': 'double'에서 'LONG'(으)로 변환하면서 데이터가 손실될 수 있습니다.
C:\UserFile\VS Project\University\WindowProgramming\Project_Iaido\GameLogic.cpp(664,29): warning C4244: '+=': 'double'에서 'LONG'(으)로 변환하면서 데이터가 손실될 수 있습니다.
C:\UserFile\VS Project\University\WindowProgramming\Project_Iaido\GameLogic.cpp(667,28): warning C4244: '인수': 'double'에서 'int'(으)로 변환하면서 데이터가 손실될 수 있습니다.
C:\UserFile\VS Project\University\WindowProgramming\Project_Iaido\GameLogic.cpp(667,15): warning C4244: '인수': 'double'에서 'int'(으)로 변환하면서 데이터가 손실될 수 있습니다.
C:\UserFile\VS Project\University\WindowProgramming\Project_Iaido\GameLogic.cpp(672,59): warning C4244: '인수': 'float'에서 'int'(으)로 변환하면서 데이터가 손실될 수 있습니다.
C:\UserFile\VS Project\University\WindowProgramming\Project_Iaido\GameLogic.cpp(672,49): warning C4244: '인수': 'float'에서 'int'(으)로 변환하면서 데이터가 손실될 수 있습니다.
C:\UserFile\VS Project\University\WindowProgramming\Project_Iaido\GameLogic.cpp(672,45): warning C4244: '인수': 'double'에서 'int'(으)로 변환하면서 데이터가 손실될 수 있습니다.
C:\UserFile\VS Project\University\WindowProgramming\Project_Iaido\GameLogic.cpp(672,30): warning C4244: '인수': 'double'에서 'int'(으)로 변환하면서 데이터가 손실될 수 있습니다.
C:\UserFile\VS Project\University\WindowProgramming\Project_Iaido\GameLogic.cpp(690,11): warning C4244: '초기화 중': 'double'에서 'float'(으)로 변환하면서 데이터가 손실될 수 있습니다.
C:\UserFile\VS Project\University\WindowProgramming\Project_Iaido\GameLogic.cpp(691,11): warning C4244: '초기화 중': 'double'에서 'float'(으)로 변환하면서 데이터가 손실될 수 있습니다.
C:\UserFile\VS Project\University\WindowProgramming\Project_Iaido\GameLogic.cpp(698,31): warning C4244: '=': 'double'에서 'float'(으)로 변환하면서 데이터가 손실될 수 있습니다.
C:\UserFile\VS Project\University\WindowProgramming\Project_Iaido\GameLogic.cpp(700,22): warning C4244: '초기화 중': 'double'에서 'float'(으)로 변환하면서 데이터가 손실될 수 있습니다.
C:\UserFile\VS Project\University\WindowProgramming\Project_Iaido\GameLogic.cpp(701,22): warning C4244: '초기화 중': 'double'에서 'float'(으)로 변환하면서 데이터가 손실될 수 있습니다.
C:\UserFile\VS Project\University\WindowProgramming\Project_Iaido\GameLogic.cpp(702,21): warning C4244: '초기화 중': 'double'에서 'float'(으)로 변환하면서 데이터가 손실될 수 있습니다.
C:\UserFile\VS Project\University\WindowProgramming\Project_Iaido\GameLogic.cpp(703,21): warning C4244: '초기화 중': 'double'에서 'float'(으)로 변환하면서 데이터가 손실될 수 있습니다.
C:\UserFile\VS Project\University\WindowProgramming\Project_Iaido\GameLogic.cpp(705,16): warning C4244: '초기화 중': 'int'에서 'float'(으)로 변환하면서 데이터가 손실될 수 있습니다.
C:\UserFile\VS Project\University\WindowProgramming\Project_Iaido\GameLogic.cpp(706,16): warning C4244: '초기화 중': 'int'에서 'float'(으)로 변환하면서 데이터가 손실될 수 있습니다.
C:\UserFile\VS Project\University\WindowProgramming\Project_Iaido\GameLogic.cpp(707,15): warning C4244: '초기화 중': 'double'에서 'float'(으)로 변환하면서 데이터가 손실될 수 있습니다.
C:\UserFile\VS Project\University\WindowProgramming\Project_Iaido\GameLogic.cpp(708,15): warning C4244: '초기화 중': 'double'에서 'float'(으)로 변환하면서 데이터가 손실될 수 있습니다.
C:\UserFile\VS Project\University\WindowProgramming\Project_Iaido\GameLogic.cpp(718,202): warning C4244: '인수': 'double'에서 'FLOAT'(으)로 변환하면서 데이터가 손실될 수 있습니다.
C:\UserFile\VS Project\University\WindowProgramming\Project_Iaido\GameLogic.cpp(718,147): warning C4244: '인수': 'double'에서 'FLOAT'(으)로 변환하면서 데이터가 손실될 수 있습니다.
C:\UserFile\VS Project\University\WindowProgramming\Project_Iaido\GameLogic.cpp(718,98): warning C4244: '인수': 'double'에서 'FLOAT'(으)로 변환하면서 데이터가 손실될 수 있습니다.
C:\UserFile\VS Project\University\WindowProgramming\Project_Iaido\GameLogic.cpp(718,49): warning C4244: '인수': 'double'에서 'FLOAT'(으)로 변환하면서 데이터가 손실될 수 있습니다.
C:\UserFile\VS Project\University\WindowProgramming\Project_Iaido\GameLogic.cpp(722,60): warning C4244: '인수': 'int'에서 'FLOAT'(으)로 변환하면서 데이터가 손실될 수 있습니다.
C:\UserFile\VS Project\University\WindowProgramming\Project_Iaido\GameLogic.cpp(722,30): warning C4244: '인수': 'int'에서 'FLOAT'(으)로 변환하면서 데이터가 손실될 수 있습니다.
C:\UserFile\VS Project\University\WindowProgramming\Project_Iaido\GameLogic.cpp(723,107): warning C4244: '인수': 'double'에서 'FLOAT'(으)로 변환하면서 데이터가 손실될 수 있습니다.
C:\UserFile\VS Project\University\WindowProgramming\Project_Iaido\GameLogic.cpp(723,60): warning C4244: '인수': 'double'에서 'FLOAT'(으)로 변환하면서 데이터가 손실될 수 있습니다.
C:\UserFile\VS Project\University\WindowProgramming\Project_Iaido\GameLogic.cpp(724,80): warning C4244: '인수': 'double'에서 'FLOAT'(으)로 변환하면서 데이터가 손실될 수 있습니다.
C:\UserFile\VS Project\University\WindowProgramming\Project_Iaido\GameLogic.cpp(724,65): warning C4244: '인수': 'double'에서 'FLOAT'(으)로 변환하면서 데이터가 손실될 수 있습니다.
C:\UserFile\VS Project\University\WindowProgramming\Project_Iaido\GameLogic.cpp(733,90): warning C4244: '인수': 'LONG'에서 'FLOAT'(으)로 변환하면서 데이터가 손실될 수 있습니다.
C:\UserFile\VS Project\University\WindowProgramming\Project_Iaido\GameLogic.cpp(733,61): warning C4244: '인수': 'LONG'에서 'FLOAT'(으)로 변환하면서 데이터가 손실될 수 있습니다.
C:\UserFile\VS Project\University\WindowProgramming\Project_Iaido\GameLogic.cpp(746,34): warning C4244: '=': 'float'에서 'int'(으)로 변환하면서 데이터가 손실될 수 있습니다.
C:\UserFile\VS Project\University\WindowProgramming\Project_Iaido\GameLogic.cpp(747,20): warning C4267: '=': 'size_t'에서 'int'(으)로 변환하면서 데이터가 손실될 수 있습니다.
C:\UserFile\VS Project\University\WindowProgramming\Project_Iaido\GameLogic.cpp(758,10): warning C4244: '초기화 중': 'double'에서 'float'(으)로 변환하면서 데이터가 손실될 수 있습니다.
C:\UserFile\VS Project\University\WindowProgramming\Project_Iaido\GameLogic.cpp(759,10): warning C4244: '초기화 중': 'double'에서 'float'(으)로 변환하면서 데이터가 손실될 수 있습니다.
C:\UserFile\VS Project\University\WindowProgramming\Project_Iaido\GameLogic.cpp(766,30): warning C4244: '=': 'double'에서 'float'(으)로 변환하면서 데이터가 손실될 수 있습니다.
C:\UserFile\VS Project\University\WindowProgramming\Project_Iaido\GameLogic.cpp(768,14): warning C4244: '초기화 중': 'double'에서 'float'(으)로 변환하면서 데이터가 손실될 수 있습니다.
C:\UserFile\VS Project\University\WindowProgramming\Project_Iaido\GameLogic.cpp(769,14): warning C4244: '초기화 중': 'double'에서 'float'(으)로 변환하면서 데이터가 손실될 수 있습니다.
C:\UserFile\VS Project\University\WindowProgramming\Project_Iaido\GameLogic.cpp(772,177): warning C4244: '인수': 'double'에서 'FLOAT'(으)로 변환하면서 데이터가 손실될 수 있습니다.
C:\UserFile\VS Project\University\WindowProgramming\Project_Iaido\GameLogic.cpp(772,130): warning C4244: '인수': 'double'에서 'FLOAT'(으)로 변환하면서 데이터가 손실될 수 있습니다.
C:\UserFile\VS Project\University\WindowProgramming\Project_Iaido\GameLogic.cpp(772,89): warning C4244: '인수': 'double'에서 'FLOAT'(으)로 변환하면서 데이터가 손실될 수 있습니다.
C:\UserFile\VS Project\University\WindowProgramming\Project_Iaido\GameLogic.cpp(772,48): warning C4244: '인수': 'double'에서 'FLOAT'(으)로 변환하면서 데이터가 손실될 수 있습니다.
C:\UserFile\VS Project\University\WindowProgramming\Project_Iaido\GameLogic.cpp(775,77): warning C4244: '인수': 'double'에서 'FLOAT'(으)로 변환하면서 데이터가 손실될 수 있습니다.
C:\UserFile\VS Project\University\WindowProgramming\Project_Iaido\GameLogic.cpp(775,62): warning C4244: '인수': 'double'에서 'FLOAT'(으)로 변환하면서 데이터가 손실될 수 있습니다.
C:\UserFile\VS Project\University\WindowProgramming\Project_Iaido\GameLogic.cpp(784,45): warning C4267: '인수': 'size_t'에서 'UINT32'(으)로 변환하면서 데이터가 손실될 수 있습니다.
C:\UserFile\VS Project\University\WindowProgramming\Project_Iaido\GameLogic.cpp(986,25): warning C4267: '=': 'size_t'에서 'int'(으)로 변환하면서 데이터가 손실될 수 있습니다.
C:\UserFile\VS Project\University\WindowProgramming\Project_Iaido\GameLogic.cpp(1000,25): warning C4267: '=': 'size_t'에서 'int'(으)로 변환하면서 데이터가 손실될 수 있습니다.
  Main.cpp
C:\UserFile\VS Project\University\WindowProgramming\Project_Iaido\lib\eigen\Eigen\src\Core\arch\Default\Half.h(1,1): warning C4819: 현재 코드 페이지(949)에서 표시할 수 없는 문자가 파일에 들어 있습니다. 데이터가 손실되지 않게 하려면 해당 파일을 유니코드 형식으로 저장하십시오.
C:\UserFile\VS Project\University\WindowProgramming\Project_Iaido\lib\eigen\Eigen\src\Core\arch\Default\BFloat16.h(1,1): warning C4819: 현재 코드 페이지(949)에서 표시할 수 없는 문자가 파일에 들어 있습니다. 데이터가 손실되지 않게 하려면 해당 파일을 유니코드 형식으로 저장하십시오.
C:\UserFile\VS Project\University\WindowProgramming\Project_Iaido\lib\eigen\Eigen\src\Core\arch\Default\GenericPacketMathFunctions.h(676,1): warning C4819: 현재 코드 페이지(949)에서 표시할 수 없는 문자가 파일에 들어 있습니다. 데이터가 손실되지 않게 하려면 해당 파일을 유니코드 형식으로 저장하십시오.
C:\UserFile\VS Project\University\WindowProgramming\Project_Iaido\lib\eigen\Eigen\src\Core\products\GeneralBlockPanelKernel.h(2063,1): warning C4819: 현재 코드 페이지(949)에서 표시할 수 없는 문자가 파일에 들어 있습니다. 데이터가 손실되지 않게 하려면 해당 파일을 유니코드 형식으로 저장하십시오.
C:\UserFile\VS Project\University\WindowProgramming\Project_Iaido\ConsoleDebug.h(143,2): warning C5053: C++17 및 이전 버전에서 'explicit(<expr>)'에 대한 지원은 공급업체 확장입니다.
C:\UserFile\VS Project\University\WindowProgramming\Project_Iaido\ConsoleDebug.h(50,18): warning C4477: 'sprintf_s' : 서식 문자열 '%ld'에 'long' 형식의 인수가 필요하지만 variadic 인수 1의 형식이 '__int64'입니다.
C:\UserFile\VS Project\University\WindowProgramming\Project_Iaido\ConsoleDebug.h(50,18): message : 서식 문자열에서 '%lld'을(를) 사용하는 것이 좋습니다.
C:\UserFile\VS Project\University\WindowProgramming\Project_Iaido\ConsoleDebug.h(50,18): message : 서식 문자열에서 '%Id'을(를) 사용하는 것이 좋습니다.
C:\UserFile\VS Project\University\WindowProgramming\Project_Iaido\ConsoleDebug.h(50,18): message : 서식 문자열에서 '%I64d'을(를) 사용하는 것이 좋습니다.
C:\UserFile\VS Project\University\WindowProgramming\Project_Iaido\ConsoleDebug.h(51,62): warning C4267: '인수': 'size_t'에서 'DWORD'(으)로 변환하면서 데이터가 손실될 수 있습니다.
C:\UserFile\VS Project\University\WindowProgramming\Project_Iaido\ConsoleDebug.h(60,62): warning C4267: '인수': 'size_t'에서 'DWORD'(으)로 변환하면서 데이터가 손실될 수 있습니다.
C:\UserFile\VS Project\University\WindowProgramming\Project_Iaido\ConsoleDebug.h(69,62): warning C4267: '인수': 'size_t'에서 'DWORD'(으)로 변환하면서 데이터가 손실될 수 있습니다.
C:\UserFile\VS Project\University\WindowProgramming\Project_Iaido\ConsoleDebug.h(78,62): warning C4267: '인수': 'size_t'에서 'DWORD'(으)로 변환하면서 데이터가 손실될 수 있습니다.
C:\UserFile\VS Project\University\WindowProgramming\Project_Iaido\ConsoleDebug.h(92,62): warning C4267: '인수': 'size_t'에서 'DWORD'(으)로 변환하면서 데이터가 손실될 수 있습니다.
C:\UserFile\VS Project\University\WindowProgramming\Project_Iaido\ConsoleDebug.h(99,36): warning C4267: '초기화 중': 'size_t'에서 'int'(으)로 변환하면서 데이터가 손실될 수 있습니다.
C:\UserFile\VS Project\University\WindowProgramming\Project_Iaido\ConsoleDebug.h(99,17): warning C4267: '초기화 중': 'size_t'에서 'const int'(으)로 변환하면서 데이터가 손실될 수 있습니다.
C:\UserFile\VS Project\University\WindowProgramming\Project_Iaido\ConsoleDebug.h(104,62): warning C4267: '인수': 'size_t'에서 'DWORD'(으)로 변환하면서 데이터가 손실될 수 있습니다.
C:\UserFile\VS Project\University\WindowProgramming\Project_Iaido\ConsoleDebug.h(113,67): warning C4267: '인수': 'size_t'에서 'DWORD'(으)로 변환하면서 데이터가 손실될 수 있습니다.
C:\UserFile\VS Project\University\WindowProgramming\Project_Iaido\ConsoleDebug.h(119,67): warning C4267: '인수': 'size_t'에서 'DWORD'(으)로 변환하면서 데이터가 손실될 수 있습니다.
C:\UserFile\VS Project\University\WindowProgramming\Project_Iaido\ConsoleDebug.h(134,64): warning C4267: '인수': 'size_t'에서 'DWORD'(으)로 변환하면서 데이터가 손실될 수 있습니다.
C:\UserFile\VS Project\University\WindowProgramming\Project_Iaido\Project.h(277,20): warning C4244: '=': 'double'에서 'float'(으)로 변환하면서 데이터가 손실될 수 있습니다.
C:\UserFile\VS Project\University\WindowProgramming\Project_Iaido\Project.h(343,33): warning C4244: '=': 'double'에서 'float'(으)로 변환하면서 데이터가 손실될 수 있습니다.
C:\UserFile\VS Project\University\WindowProgramming\Project_Iaido\Main.cpp(240,105): warning C4244: '인수': 'double'에서 'int'(으)로 변환하면서 데이터가 손실될 수 있습니다.
C:\UserFile\VS Project\University\WindowProgramming\Project_Iaido\Main.cpp(240,76): warning C4244: '인수': 'double'에서 'int'(으)로 변환하면서 데이터가 손실될 수 있습니다.
C:\UserFile\VS Project\University\WindowProgramming\Project_Iaido\Main.cpp(253,153): warning C4244: '인수': 'double'에서 'int'(으)로 변환하면서 데이터가 손실될 수 있습니다.
C:\UserFile\VS Project\University\WindowProgramming\Project_Iaido\Main.cpp(253,124): warning C4244: '인수': 'double'에서 'int'(으)로 변환하면서 데이터가 손실될 수 있습니다.
C:\UserFile\VS Project\University\WindowProgramming\Project_Iaido\Main.cpp(276,76): warning C4244: '인수': 'int'에서 'FLOAT'(으)로 변환하면서 데이터가 손실될 수 있습니다.
C:\UserFile\VS Project\University\WindowProgramming\Project_Iaido\Main.cpp(276,47): warning C4244: '인수': 'int'에서 'FLOAT'(으)로 변환하면서 데이터가 손실될 수 있습니다.
C:\UserFile\VS Project\University\WindowProgramming\Project_Iaido\Main.cpp(278,37): warning C4267: '인수': 'size_t'에서 'UINT32'(으)로 변환하면서 데이터가 손실될 수 있습니다.
C:\UserFile\VS Project\University\WindowProgramming\Project_Iaido\Main.cpp(280,64): warning C4244: '인수': 'int'에서 'FLOAT'(으)로 변환하면서 데이터가 손실될 수 있습니다.
C:\UserFile\VS Project\University\WindowProgramming\Project_Iaido\Main.cpp(280,35): warning C4244: '인수': 'int'에서 'FLOAT'(으)로 변환하면서 데이터가 손실될 수 있습니다.
C:\UserFile\VS Project\University\WindowProgramming\Project_Iaido\Main.cpp(282,37): warning C4267: '인수': 'size_t'에서 'UINT32'(으)로 변환하면서 데이터가 손실될 수 있습니다.
C:\UserFile\VS Project\University\WindowProgramming\Project_Iaido\Main.cpp(284,64): warning C4244: '인수': 'int'에서 'FLOAT'(으)로 변환하면서 데이터가 손실될 수 있습니다.
C:\UserFile\VS Project\University\WindowProgramming\Project_Iaido\Main.cpp(284,35): warning C4244: '인수': 'int'에서 'FLOAT'(으)로 변환하면서 데이터가 손실될 수 있습니다.
C:\UserFile\VS Project\University\WindowProgramming\Project_Iaido\Main.cpp(286,37): warning C4267: '인수': 'size_t'에서 'UINT32'(으)로 변환하면서 데이터가 손실될 수 있습니다.
C:\UserFile\VS Project\University\WindowProgramming\Project_Iaido\Main.cpp(309,30): warning C4244: '인수': 'WPARAM'에서 'int'(으)로 변환하면서 데이터가 손실될 수 있습니다.
C:\UserFile\VS Project\University\WindowProgramming\Project_Iaido\Main.cpp(311,60): warning C4244: '인수': 'WPARAM'에서 'int'(으)로 변환하면서 데이터가 손실될 수 있습니다.
C:\UserFile\VS Project\University\WindowProgramming\Project_Iaido\Main.cpp(311,31): warning C4244: '인수': 'WPARAM'에서 'int'(으)로 변환하면서 데이터가 손실될 수 있습니다.
C:\UserFile\VS Project\University\WindowProgramming\Project_Iaido\Main.cpp(312,34): warning C4244: '인수': 'WPARAM'에서 'int'(으)로 변환하면서 데이터가 손실될 수 있습니다.
C:\UserFile\VS Project\University\WindowProgramming\Project_Iaido\Main.cpp(318,33): warning C4244: '인수': 'WPARAM'에서 'int'(으)로 변환하면서 데이터가 손실될 수 있습니다.
C:\UserFile\VS Project\University\WindowProgramming\Project_Iaido\Main.cpp(318,60): warning C4244: '인수': 'WPARAM'에서 'int'(으)로 변환하면서 데이터가 손실될 수 있습니다.
C:\UserFile\VS Project\University\WindowProgramming\Project_Iaido\Main.cpp(320,60): warning C4244: '인수': 'WPARAM'에서 'int'(으)로 변환하면서 데이터가 손실될 수 있습니다.
C:\UserFile\VS Project\University\WindowProgramming\Project_Iaido\Main.cpp(320,31): warning C4244: '인수': 'WPARAM'에서 'int'(으)로 변환하면서 데이터가 손실될 수 있습니다.
C:\UserFile\VS Project\University\WindowProgramming\Project_Iaido\Main.cpp(321,32): warning C4244: '인수': 'WPARAM'에서 'int'(으)로 변환하면서 데이터가 손실될 수 있습니다.
C:\UserFile\VS Project\University\WindowProgramming\Project_Iaido\Main.cpp(293,6): warning C4101: 'hDC2' :참조되지 않은 지역 변수입니다.
  Project.cpp
C:\UserFile\VS Project\University\WindowProgramming\Project_Iaido\lib\eigen\Eigen\src\Core\arch\Default\Half.h(1,1): warning C4819: 현재 코드 페이지(949)에서 표시할 수 없는 문자가 파일에 들어 있습니다. 데이터가 손실되지 않게 하려면 해당 파일을 유니코드 형식으로 저장하십시오.
C:\UserFile\VS Project\University\WindowProgramming\Project_Iaido\lib\eigen\Eigen\src\Core\arch\Default\BFloat16.h(1,1): warning C4819: 현재 코드 페이지(949)에서 표시할 수 없는 문자가 파일에 들어 있습니다. 데이터가 손실되지 않게 하려면 해당 파일을 유니코드 형식으로 저장하십시오.
C:\UserFile\VS Project\University\WindowProgramming\Project_Iaido\lib\eigen\Eigen\src\Core\arch\Default\GenericPacketMathFunctions.h(676,1): warning C4819: 현재 코드 페이지(949)에서 표시할 수 없는 문자가 파일에 들어 있습니다. 데이터가 손실되지 않게 하려면 해당 파일을 유니코드 형식으로 저장하십시오.
C:\UserFile\VS Project\University\WindowProgramming\Project_Iaido\lib\eigen\Eigen\src\Core\products\GeneralBlockPanelKernel.h(2063,1): warning C4819: 현재 코드 페이지(949)에서 표시할 수 없는 문자가 파일에 들어 있습니다. 데이터가 손실되지 않게 하려면 해당 파일을 유니코드 형식으로 저장하십시오.
C:\UserFile\VS Project\University\WindowProgramming\Project_Iaido\ConsoleDebug.h(143,2): warning C5053: C++17 및 이전 버전에서 'explicit(<expr>)'에 대한 지원은 공급업체 확장입니다.
C:\UserFile\VS Project\University\WindowProgramming\Project_Iaido\ConsoleDebug.h(50,18): warning C4477: 'sprintf_s' : 서식 문자열 '%ld'에 'long' 형식의 인수가 필요하지만 variadic 인수 1의 형식이 '__int64'입니다.
C:\UserFile\VS Project\University\WindowProgramming\Project_Iaido\ConsoleDebug.h(50,18): message : 서식 문자열에서 '%lld'을(를) 사용하는 것이 좋습니다.
C:\UserFile\VS Project\University\WindowProgramming\Project_Iaido\ConsoleDebug.h(50,18): message : 서식 문자열에서 '%Id'을(를) 사용하는 것이 좋습니다.
C:\UserFile\VS Project\University\WindowProgramming\Project_Iaido\ConsoleDebug.h(50,18): message : 서식 문자열에서 '%I64d'을(를) 사용하는 것이 좋습니다.
C:\UserFile\VS Project\University\WindowProgramming\Project_Iaido\ConsoleDebug.h(51,62): warning C4267: '인수': 'size_t'에서 'DWORD'(으)로 변환하면서 데이터가 손실될 수 있습니다.
C:\UserFile\VS Project\University\WindowProgramming\Project_Iaido\ConsoleDebug.h(60,62): warning C4267: '인수': 'size_t'에서 'DWORD'(으)로 변환하면서 데이터가 손실될 수 있습니다.
C:\UserFile\VS Project\University\WindowProgramming\Project_Iaido\ConsoleDebug.h(69,62): warning C4267: '인수': 'size_t'에서 'DWORD'(으)로 변환하면서 데이터가 손실될 수 있습니다.
C:\UserFile\VS Project\University\WindowProgramming\Project_Iaido\ConsoleDebug.h(78,62): warning C4267: '인수': 'size_t'에서 'DWORD'(으)로 변환하면서 데이터가 손실될 수 있습니다.
C:\UserFile\VS Project\University\WindowProgramming\Project_Iaido\ConsoleDebug.h(92,62): warning C4267: '인수': 'size_t'에서 'DWORD'(으)로 변환하면서 데이터가 손실될 수 있습니다.
C:\UserFile\VS Project\University\WindowProgramming\Project_Iaido\ConsoleDebug.h(99,36): warning C4267: '초기화 중': 'size_t'에서 'int'(으)로 변환하면서 데이터가 손실될 수 있습니다.
C:\UserFile\VS Project\University\WindowProgramming\Project_Iaido\ConsoleDebug.h(99,17): warning C4267: '초기화 중': 'size_t'에서 'const int'(으)로 변환하면서 데이터가 손실될 수 있습니다.
C:\UserFile\VS Project\University\WindowProgramming\Project_Iaido\ConsoleDebug.h(104,62): warning C4267: '인수': 'size_t'에서 'DWORD'(으)로 변환하면서 데이터가 손실될 수 있습니다.
C:\UserFile\VS Project\University\WindowProgramming\Project_Iaido\ConsoleDebug.h(113,67): warning C4267: '인수': 'size_t'에서 'DWORD'(으)로 변환하면서 데이터가 손실될 수 있습니다.
C:\UserFile\VS Project\University\WindowProgramming\Project_Iaido\ConsoleDebug.h(119,67): warning C4267: '인수': 'size_t'에서 'DWORD'(으)로 변환하면서 데이터가 손실될 수 있습니다.
C:\UserFile\VS Project\University\WindowProgramming\Project_Iaido\ConsoleDebug.h(134,64): warning C4267: '인수': 'size_t'에서 'DWORD'(으)로 변환하면서 데이터가 손실될 수 있습니다.
C:\UserFile\VS Project\University\WindowProgramming\Project_Iaido\Project.h(277,20): warning C4244: '=': 'double'에서 'float'(으)로 변환하면서 데이터가 손실될 수 있습니다.
C:\UserFile\VS Project\University\WindowProgramming\Project_Iaido\Project.h(343,33): warning C4244: '=': 'double'에서 'float'(으)로 변환하면서 데이터가 손실될 수 있습니다.
C:\UserFile\VS Project\University\WindowProgramming\Project_Iaido\Project.cpp(464,49): warning C4305: '인수': 'double'에서 'FLOAT'(으)로 잘립니다.
C:\UserFile\VS Project\University\WindowProgramming\Project_Iaido\Project.cpp(464,34): warning C4305: '인수': 'double'에서 'FLOAT'(으)로 잘립니다.
C:\UserFile\VS Project\University\WindowProgramming\Project_Iaido\Project.cpp(464,21): warning C4305: '인수': 'double'에서 'FLOAT'(으)로 잘립니다.
C:\UserFile\VS Project\University\WindowProgramming\Project_Iaido\Project.cpp(469,34): warning C4305: '인수': 'double'에서 'FLOAT'(으)로 잘립니다.
C:\UserFile\VS Project\University\WindowProgramming\Project_Iaido\Project.cpp(469,21): warning C4305: '인수': 'double'에서 'FLOAT'(으)로 잘립니다.
C:\UserFile\VS Project\University\WindowProgramming\Project_Iaido\Project.cpp(474,49): warning C4305: '인수': 'double'에서 'FLOAT'(으)로 잘립니다.
C:\UserFile\VS Project\University\WindowProgramming\Project_Iaido\Project.cpp(474,34): warning C4305: '인수': 'double'에서 'FLOAT'(으)로 잘립니다.
C:\UserFile\VS Project\University\WindowProgramming\Project_Iaido\Project.cpp(474,21): warning C4305: '인수': 'double'에서 'FLOAT'(으)로 잘립니다.
C:\UserFile\VS Project\University\WindowProgramming\Project_Iaido\Project.cpp(479,47): warning C4305: '인수': 'double'에서 'FLOAT'(으)로 잘립니다.
C:\UserFile\VS Project\University\WindowProgramming\Project_Iaido\Project.cpp(479,33): warning C4305: '인수': 'double'에서 'FLOAT'(으)로 잘립니다.
C:\UserFile\VS Project\University\WindowProgramming\Project_Iaido\Project.cpp(479,21): warning C4305: '인수': 'double'에서 'FLOAT'(으)로 잘립니다.
C:\UserFile\VS Project\University\WindowProgramming\Project_Iaido\Project.cpp(489,46): warning C4305: '인수': 'double'에서 'FLOAT'(으)로 잘립니다.
C:\UserFile\VS Project\University\WindowProgramming\Project_Iaido\Project.cpp(489,32): warning C4305: '인수': 'double'에서 'FLOAT'(으)로 잘립니다.
C:\UserFile\VS Project\University\WindowProgramming\Project_Iaido\Project.cpp(489,20): warning C4305: '인수': 'double'에서 'FLOAT'(으)로 잘립니다.
C:\UserFile\VS Project\University\WindowProgramming\Project_Iaido\Project.cpp(494,49): warning C4305: '인수': 'double'에서 'FLOAT'(으)로 잘립니다.
C:\UserFile\VS Project\University\WindowProgramming\Project_Iaido\Project.cpp(494,34): warning C4305: '인수': 'double'에서 'FLOAT'(으)로 잘립니다.
C:\UserFile\VS Project\University\WindowProgramming\Project_Iaido\Project.cpp(494,21): warning C4305: '인수': 'double'에서 'FLOAT'(으)로 잘립니다.
C:\UserFile\VS Project\University\WindowProgramming\Project_Iaido\Project.cpp(498,47): warning C4305: '인수': 'double'에서 'FLOAT'(으)로 잘립니다.
C:\UserFile\VS Project\University\WindowProgramming\Project_Iaido\Project.cpp(498,33): warning C4305: '인수': 'double'에서 'FLOAT'(으)로 잘립니다.
C:\UserFile\VS Project\University\WindowProgramming\Project_Iaido\Project.cpp(498,21): warning C4305: '인수': 'double'에서 'FLOAT'(으)로 잘립니다.
C:\UserFile\VS Project\University\WindowProgramming\Project_Iaido\Project.cpp(502,49): warning C4305: '인수': 'double'에서 'FLOAT'(으)로 잘립니다.
C:\UserFile\VS Project\University\WindowProgramming\Project_Iaido\Project.cpp(502,34): warning C4305: '인수': 'double'에서 'FLOAT'(으)로 잘립니다.
C:\UserFile\VS Project\University\WindowProgramming\Project_Iaido\Project.cpp(502,21): warning C4305: '인수': 'double'에서 'FLOAT'(으)로 잘립니다.
C:\UserFile\VS Project\University\WindowProgramming\Project_Iaido\Project.cpp(506,49): warning C4305: '인수': 'double'에서 'FLOAT'(으)로 잘립니다.
C:\UserFile\VS Project\University\WindowProgramming\Project_Iaido\Project.cpp(506,34): warning C4305: '인수': 'double'에서 'FLOAT'(으)로 잘립니다.
C:\UserFile\VS Project\University\WindowProgramming\Project_Iaido\Project.cpp(506,21): warning C4305: '인수': 'double'에서 'FLOAT'(으)로 잘립니다.
C:\UserFile\VS Project\University\WindowProgramming\Project_Iaido\Project.cpp(510,47): warning C4305: '인수': 'double'에서 'FLOAT'(으)로 잘립니다.
C:\UserFile\VS Project\University\WindowProgramming\Project_Iaido\Project.cpp(510,33): warning C4305: '인수': 'double'에서 'FLOAT'(으)로 잘립니다.
C:\UserFile\VS Project\University\WindowProgramming\Project_Iaido\Project.cpp(510,21): warning C4305: '인수': 'double'에서 'FLOAT'(으)로 잘립니다.
C:\UserFile\VS Project\University\WindowProgramming\Project_Iaido\Project.cpp(514,48): warning C4305: '인수': 'double'에서 'FLOAT'(으)로 잘립니다.
C:\UserFile\VS Project\University\WindowProgramming\Project_Iaido\Project.cpp(514,33): warning C4305: '인수': 'double'에서 'FLOAT'(으)로 잘립니다.
C:\UserFile\VS Project\University\WindowProgramming\Project_Iaido\Project.cpp(514,20): warning C4305: '인수': 'double'에서 'FLOAT'(으)로 잘립니다.
C:\UserFile\VS Project\University\WindowProgramming\Project_Iaido\Project.cpp(856,96): warning C4244: '-=': 'double'에서 'float'(으)로 변환하면서 데이터가 손실될 수 있습니다.
C:\UserFile\VS Project\University\WindowProgramming\Project_Iaido\Project.cpp(1191,44): warning C4267: '=': 'size_t'에서 'int'(으)로 변환하면서 데이터가 손실될 수 있습니다.
C:\UserFile\VS Project\University\WindowProgramming\Project_Iaido\Project.cpp(1203,28): warning C4244: '=': 'float'에서 'int'(으)로 변환하면서 데이터가 손실될 수 있습니다.
C:\UserFile\VS Project\University\WindowProgramming\Project_Iaido\Project.cpp(1218,48): warning C4244: '=': 'float'에서 'int'(으)로 변환하면서 데이터가 손실될 수 있습니다.
C:\UserFile\VS Project\University\WindowProgramming\Project_Iaido\Project.cpp(1250,48): warning C4244: '=': 'float'에서 'int'(으)로 변환하면서 데이터가 손실될 수 있습니다.
C:\UserFile\VS Project\University\WindowProgramming\Project_Iaido\Project.cpp(1318,32): warning C4305: '인수': 'double'에서 'float'(으)로 잘립니다.
C:\UserFile\VS Project\University\WindowProgramming\Project_Iaido\Project.cpp(1330,34): warning C4305: '인수': 'double'에서 'float'(으)로 잘립니다.
C:\UserFile\VS Project\University\WindowProgramming\Project_Iaido\Project.cpp(1342,46): warning C4305: '*=': 'double'에서 'float'(으)로 잘립니다.
C:\UserFile\VS Project\University\WindowProgramming\Project_Iaido\Project.cpp(1352,92): warning C4244: '+=': 'double'에서 'float'(으)로 변환하면서 데이터가 손실될 수 있습니다.
C:\UserFile\VS Project\University\WindowProgramming\Project_Iaido\Project.cpp(1369,40): warning C4244: '=': 'double'에서 'float'(으)로 변환하면서 데이터가 손실될 수 있습니다.
C:\UserFile\VS Project\University\WindowProgramming\Project_Iaido\Project.cpp(1463,25): warning C4244: '초기화 중': 'int'에서 'float'(으)로 변환하면서 데이터가 손실될 수 있습니다.
C:\UserFile\VS Project\University\WindowProgramming\Project_Iaido\Project.cpp(1512,119): warning C4244: '+=': 'double'에서 'float'(으)로 변환하면서 데이터가 손실될 수 있습니다.
C:\UserFile\VS Project\University\WindowProgramming\Project_Iaido\Project.cpp(1514,61): warning C4244: '=': 'int'에서 'float'(으)로 변환하면서 데이터가 손실될 수 있습니다.
C:\UserFile\VS Project\University\WindowProgramming\Project_Iaido\Project.cpp(1528,66): warning C4244: '+=': 'double'에서 'float'(으)로 변환하면서 데이터가 손실될 수 있습니다.
C:\UserFile\VS Project\University\WindowProgramming\Project_Iaido\Project.cpp(1603,14): warning C4244: '초기화 중': 'double'에서 'float'(으)로 변환하면서 데이터가 손실될 수 있습니다.
C:\UserFile\VS Project\University\WindowProgramming\Project_Iaido\Project.cpp(1605,10): warning C4244: '=': 'double'에서 'float'(으)로 변환하면서 데이터가 손실될 수 있습니다.
C:\UserFile\VS Project\University\WindowProgramming\Project_Iaido\Project.cpp(1607,17): warning C4244: '초기화 중': 'double'에서 'float'(으)로 변환하면서 데이터가 손실될 수 있습니다.
C:\UserFile\VS Project\University\WindowProgramming\Project_Iaido\Project.cpp(1608,17): warning C4244: '초기화 중': 'double'에서 'float'(으)로 변환하면서 데이터가 손실될 수 있습니다.
C:\UserFile\VS Project\University\WindowProgramming\Project_Iaido\Project.cpp(1623,14): warning C4244: '초기화 중': 'double'에서 'float'(으)로 변환하면서 데이터가 손실될 수 있습니다.
C:\UserFile\VS Project\University\WindowProgramming\Project_Iaido\Project.cpp(1625,10): warning C4244: '=': 'double'에서 'float'(으)로 변환하면서 데이터가 손실될 수 있습니다.
C:\UserFile\VS Project\University\WindowProgramming\Project_Iaido\Project.cpp(1627,17): warning C4244: '초기화 중': 'double'에서 'float'(으)로 변환하면서 데이터가 손실될 수 있습니다.
C:\UserFile\VS Project\University\WindowProgramming\Project_Iaido\Project.cpp(1628,17): warning C4244: '초기화 중': 'double'에서 'float'(으)로 변환하면서 데이터가 손실될 수 있습니다.
C:\UserFile\VS Project\University\WindowProgramming\Project_Iaido\Project.cpp(1641,16): warning C4244: '초기화 중': 'double'에서 'float'(으)로 변환하면서 데이터가 손실될 수 있습니다.
C:\UserFile\VS Project\University\WindowProgramming\Project_Iaido\Project.cpp(1681,21): warning C4305: '초기화 중': 'double'에서 'float'(으)로 잘립니다.
C:\UserFile\VS Project\University\WindowProgramming\Project_Iaido\Project.cpp(2012,83): warning C4244: '=': 'double'에서 'float'(으)로 변환하면서 데이터가 손실될 수 있습니다.
C:\UserFile\VS Project\University\WindowProgramming\Project_Iaido\Project.cpp(2016,85): warning C4244: '=': 'double'에서 'float'(으)로 변환하면서 데이터가 손실될 수 있습니다.
C:\UserFile\VS Project\University\WindowProgramming\Project_Iaido\Project.cpp(2123,14): warning C4244: '초기화 중': 'double'에서 'float'(으)로 변환하면서 데이터가 손실될 수 있습니다.
C:\UserFile\VS Project\University\WindowProgramming\Project_Iaido\Project.cpp(2124,19): warning C4244: '초기화 중': 'double'에서 'float'(으)로 변환하면서 데이터가 손실될 수 있습니다.
C:\UserFile\VS Project\University\WindowProgramming\Project_Iaido\Project.cpp(2125,20): warning C4244: '초기화 중': 'double'에서 'float'(으)로 변환하면서 데이터가 손실될 수 있습니다.
C:\UserFile\VS Project\University\WindowProgramming\Project_Iaido\Project.cpp(2210,48): warning C4244: '=': 'double'에서 'float'(으)로 변환하면서 데이터가 손실될 수 있습니다.
C:\UserFile\VS Project\University\WindowProgramming\Project_Iaido\Project.cpp(2236,81): warning C4244: '+=': 'double'에서 'float'(으)로 변환하면서 데이터가 손실될 수 있습니다.
C:\Program Files\Microsoft Visual Studio\2022\Community\VC\Tools\MSVC\14.36.32532\include\xstring(2765,53): warning C4244: '인수': 'const wchar_t'에서 'const _Elem'(으)로 변환하면서 데이터가 손실될 수 있습니다.
          with
          [
              _Elem=char
          ]
C:\Program Files\Microsoft Visual Studio\2022\Community\VC\Tools\MSVC\14.36.32532\include\xstring(2621,17): message : 컴파일되는 함수 템플릿 인스턴스화 'void std::basic_string<char,std::char_traits<char>,std::allocator<char>>::_Construct_from_iter<const wchar_t*,const wchar_t*,_Size_type>(_Iter,const _Sent,_Size)'에 대한 참조를 확인하세요.
          with
          [
              _Size_type=unsigned __int64,
              _Iter=const wchar_t *,
              _Sent=const wchar_t *,
              _Size=unsigned __int64
          ]
C:\UserFile\VS Project\University\WindowProgramming\Project_Iaido\ConsoleDebug.h(120,27): message : 컴파일되는 함수 템플릿 인스턴스화 'std::basic_string<char,std::char_traits<char>,std::allocator<char>>::basic_string<std::_String_const_iterator<std::_String_val<std::_Simple_types<_Elem>>>,0>(_Iter,_Iter,const _Alloc &)'에 대한 참조를 확인하세요.
          with
          [
              _Elem=wchar_t,
              _Iter=std::_String_const_iterator<std::_String_val<std::_Simple_types<wchar_t>>>,
              _Alloc=std::allocator<char>
          ]
C:\UserFile\VS Project\University\WindowProgramming\Project_Iaido\ConsoleDebug.h(120,13): message : 'operator <<'에서 'std::basic_string<char,std::char_traits<char>,std::allocator<char>>::basic_string'에 대한 첫 번째 참조를 확인하세요.
  코드를 생성하고 있습니다.
  Previous IPDB was built with incompatible compiler, fall back to full compilation.
C:\UserFile\VS Project\University\WindowProgramming\Project_Iaido\Project.cpp(2170): warning C4715: 'EnemyEntityComponent::TypeToHP': 모든 제어 경로에서 값을 반환하지는 않습니다.
  All 4738 functions were compiled because no usable IPDB/IOBJ from previous compilation was found.
  코드를 생성했습니다.
  Project_Iaido.vcxproj -> C:\UserFile\VS Project\University\WindowProgramming\Project_Iaido\x64\Release\Project_Iaido.exe
